System Log - Extended Version

[2024-01-01 00:00:00] System initialized
[2024-01-01 00:01:00] Loading modules
[2024-01-01 00:02:00] Database connected
[2024-01-01 00:03:00] Cache initialized
[2024-01-01 00:04:00] Services started
[2024-01-01 00:05:00] API endpoints registered
[2024-01-01 00:06:00] Security check passed
[2024-01-01 00:07:00] All systems operational
[2024-01-01 00:08:00] Monitoring active
[2024-01-01 00:09:00] Backup scheduled
[2024-01-01 00:10:00] Maintenance mode disabled
[2024-01-01 00:11:00] User authentication enabled
[2024-01-01 00:12:00] Session management active
[2024-01-01 00:13:00] Rate limiting configured
[2024-01-01 00:14:00] Load balancer connected
[2024-01-01 00:15:00] CDN synchronized
[2024-01-01 00:16:00] Email service ready
[2024-01-01 00:17:00] Notification system online
[2024-01-01 00:18:00] Queue processor started
[2024-01-01 00:19:00] Cron jobs scheduled
[2024-01-01 00:20:00] Debug mode disabled
[2024-01-01 00:21:00] Performance metrics enabled
[2024-01-01 00:22:00] Error tracking active
[2024-01-01 00:23:00] Encryption keys rotated
[2024-01-01 00:24:00] SSL certificates verified
[2024-01-01 00:25:00] Firewall rules applied
[2024-01-01 00:26:00] Intrusion detection enabled
[2024-01-01 00:27:00] Audit logging configured
[2024-01-01 00:28:00] Compliance checks passed
[2024-01-01 00:29:00] Data retention policy set
[2024-01-01 00:30:00] Privacy settings confirmed
[2024-01-01 00:31:00] GDPR compliance verified
[2024-01-01 00:32:00] Security scan completed
[2024-01-01 00:33:00] Vulnerability check passed
[2024-01-01 00:34:00] Penetration test scheduled
[2024-01-01 00:35:00] Incident response ready
[2024-01-01 00:36:00] Disaster recovery configured
[2024-01-01 00:37:00] Business continuity ensured
[2024-01-01 00:38:00] SLA monitoring active
[2024-01-01 00:39:00] Health checks running
[2024-01-01 00:40:00] Status: ALL SYSTEMS GREEN
[2024-01-01 00:41:00] Special note: CTF{Flag #5} - Congratulations on thorough searching!
[2024-01-01 00:42:00] System stable
[2024-01-01 00:43:00] All services nominal
[2024-01-01 00:44:00] End of log
